<?xml version="1.0" encoding="UTF-8"?>
<!-- Generated by org.testng.reporters.JUnitReportReporter -->
<testsuite hostname="DESKTOP-PPED12M" failures="0" tests="1" name="com.Rigbot_Test_Scripts.Loads.Filters.Default_Filters" time="72.573" errors="0" timestamp="2024-02-05T17:04:49 IST" skipped="0">
  <testcase classname="com.Rigbot_Test_Scripts.Loads.Filters.Default_Filters" name="test_Load_Screen_Default_filters" time="72.573"/>
  <system-out/>
</testsuite> <!-- com.Rigbot_Test_Scripts.Loads.Filters.Default_Filters -->
