<?xml version="1.0" encoding="UTF-8"?>
<!-- Generated by org.testng.reporters.JUnitReportReporter -->
<testsuite hostname="DESKTOP-PPED12M" failures="0" tests="1" name="com.Rigbot_Test_Scripts.Loads.Quick_Setup.Quick_Setup" time="131.951" errors="0" timestamp="2024-02-05T19:40:00 IST" skipped="0">
  <testcase classname="com.Rigbot_Test_Scripts.Loads.Quick_Setup.Quick_Setup" name="test_Quick_Setup" time="131.951"/>
  <system-out/>
</testsuite> <!-- com.Rigbot_Test_Scripts.Loads.Quick_Setup.Quick_Setup -->
