<?xml version="1.0" encoding="UTF-8"?>
<!-- Generated by org.testng.reporters.JUnitReportReporter -->
<testsuite hostname="DESKTOP-PPED12M" failures="0" tests="1" name="com.Rigbot_Test_Scripts.Invoice.Create_Invoice" time="68.035" errors="0" timestamp="2024-02-05T15:54:58 IST" skipped="0">
  <testcase classname="com.Rigbot_Test_Scripts.Invoice.Create_Invoice" name="test_invoice" time="68.035"/>
  <system-out/>
</testsuite> <!-- com.Rigbot_Test_Scripts.Invoice.Create_Invoice -->
